[
  "[AppRunner] Starting to deploy your application source code.",
  "[AppRunner] Starting to build your application source code.",
  "[PreBuild] Sending build context to Docker daemon  1.718MB\r\r\n",
  "[PreBuild] Step 1/3 : FROM 380155284058.dkr.ecr.us-west-2.amazonaws.com/awsfusionruntime-nodejs18-build:uuid-nodejs18-20250625-203652-80 AS pre-build-stage\n",
  "[PreBuild] uuid-nodejs18-20250625-203652-80: Pulling from awsfusionruntime-nodejs18-build\n",
  "[PreBuild] a00db81cfbfc: Pulling fs layer\n",
  "[PreBuild] 14569ce42c43: Pulling fs layer\n",
  "[PreBuild] 1dbe7aeef389: Pulling fs layer\n",
  "[PreBuild] 1dbe7aeef389: Verifying Checksum\n",
  "[PreBuild] 1dbe7aeef389: Download complete\n",
  "[PreBuild] a00db81cfbfc: Verifying Checksum\n",
  "[PreBuild] a00db81cfbfc: Download complete\n",
  "[PreBuild] 14569ce42c43: Verifying Checksum\n",
  "[PreBuild] 14569ce42c43: Download complete\n",
  "[PreBuild] a00db81cfbfc: Pull complete\n",
  "[PreBuild] 14569ce42c43: Pull complete\n",
  "[PreBuild] 1dbe7aeef389: Pull complete\n",
  "[PreBuild] Digest: sha256:d03e16bb4c2bdb4c1315b6b096021f3eda7181cb7b67709435c1691dee779d99\n",
  "[PreBuild] Status: Downloaded newer image for 380155284058.dkr.ecr.us-west-2.amazonaws.com/awsfusionruntime-nodejs18-build:uuid-nodejs18-20250625-203652-80\n",
  "[PreBuild]  ---> d6a0a3e612bd\n",
  "[PreBuild] Step 2/3 : COPY . /app\n",
  "[PreBuild]  ---> 27c6887eaec3\n",
  "[PreBuild] Step 3/3 : WORKDIR /app/apps/frontend\n",
  "[PreBuild]  ---> Running in 2332e6ef5ddc\n",
  "[PreBuild] Removing intermediate container 2332e6ef5ddc\n",
  "[PreBuild]  ---> 7ff42aa4d37c\n",
  "[PreBuild] Successfully built 7ff42aa4d37c\n",
  " ",
  "[Build] Sending build context to Docker daemon  1.718MB\r\r\n",
  "[Build] Step 1/7 : FROM 380155284058.dkr.ecr.us-west-2.amazonaws.com/awsfusionruntime-nodejs18-build:uuid-nodejs18-20250625-203652-80 AS pre-build-stage\n",
  "[Build]  ---> d6a0a3e612bd\n",
  "[Build] Step 2/7 : COPY . /app\n",
  "[Build]  ---> Using cache\n",
  "[Build]  ---> 27c6887eaec3\n",
  "[Build] Step 3/7 : WORKDIR /app/apps/frontend\n",
  "[Build]  ---> Using cache\n",
  "[Build]  ---> 7ff42aa4d37c\n",
  "[Build] Step 4/7 : FROM pre-build-stage as build-stage\n",
  "[Build]  ---> 7ff42aa4d37c\n",
  "[Build] Step 5/7 : WORKDIR /app/apps/frontend\n",
  "[Build]  ---> Running in 8a544f2190b6\n",
  "[Build] Removing intermediate container 8a544f2190b6\n",
  "[Build]  ---> 65edea5cd6cd\n",
  "[Build] Step 6/7 : RUN npm install --legacy-peer-deps --engine-strict=false\n",
  "[Build]  ---> Running in 762586fe3dc1\n",
  "[Build] \u001b[91mnpm warn workspaces @crm-saas/frontend in filter set, but no workspace folder present\n",
  "[Build] \u001b[0m\u001b[91mnpm warn EBADENGINE Unsupported engine {\n",
  "[Build] npm warn EBADENGINE   package: 'vite@7.0.6',\n",
  "[Build] npm warn EBADENGINE   required: { node: '^20.19.0 || >=22.12.0' },\n",
  "[Build] npm warn EBADENGINE   current: { node: 'v18.20.8', npm: '10.8.2' }\n",
  "[Build] npm warn EBADENGINE }\n",
  "[Build] \u001b[0m\u001b[91mnpm warn EBADENGINE Unsupported engine {\n",
  "[Build] npm warn EBADENGINE   package: 'rimraf@6.0.1',\n",
  "[Build] npm warn EBADENGINE   required: { node: '20 || >=22' },\n",
  "[Build] npm warn EBADENGINE   current: { node: 'v18.20.8', npm: '10.8.2' }\n",
  "[Build] npm warn EBADENGINE }\n",
  "[Build] \u001b[0m\u001b[91mnpm warn EBADENGINE Unsupported engine {\n",
  "[Build] npm warn EBADENGINE   package: 'glob@11.0.3',\n",
  "[Build] npm warn EBADENGINE   required: { node: '20 || >=22' },\n",
  "[Build] npm warn EBADENGINE   current: { node: 'v18.20.8', npm: '10.8.2' }\n",
  "[Build] npm warn EBADENGINE }\n",
  "[Build] \u001b[0m\u001b[91mnpm warn EBADENGINE Unsupported engine {\n",
  "[Build] npm warn EBADENGINE   package: 'jackspeak@4.1.1',\n",
  "[Build] npm warn EBADENGINE   required: { node: '20 || >=22' },\n",
  "[Build] npm warn EBADENGINE   current: { node: 'v18.20.8', npm: '10.8.2' }\n",
  "[Build] npm warn EBADENGINE }\n",
  "[Build] \u001b[0m\u001b[91mnpm warn EBADENGINE Unsupported engine {\n",
  "[Build] npm warn EBADENGINE   package: 'minimatch@10.0.3',\n",
  "[Build] npm warn EBADENGINE   required: { node: '20 || >=22' },\n",
  "[Build] npm warn EBADENGINE   current: { node: 'v18.20.8', npm: '10.8.2' }\n",
  "[Build] npm warn EBADENGINE }\n",
  "[Build] \u001b[0m\u001b[91mnpm warn EBADENGINE Unsupported engine {\n",
  "[Build] npm warn EBADENGINE   package: 'path-scurry@2.0.0',\n",
  "[Build] npm warn EBADENGINE   required: { node: '20 || >=22' },\n",
  "[Build] npm warn EBADENGINE   current: { node: 'v18.20.8', npm: '10.8.2' }\n",
  "[Build] npm warn EBADENGINE }\n",
  "[Build] \u001b[0m\u001b[91mnpm warn EBADENGINE Unsupported engine {\n",
  "[Build] npm warn EBADENGINE   package: 'lru-cache@11.1.0',\n",
  "[Build] npm warn EBADENGINE   required: { node: '20 || >=22' },\n",
  "[Build] npm warn EBADENGINE   current: { node: 'v18.20.8', npm: '10.8.2' }\n",
  "[Build] npm warn EBADENGINE }\n",
  "[Build] \u001b[0m\u001b[91mnpm warn EBADENGINE Unsupported engine {\n",
  "[Build] npm warn EBADENGINE   package: '@isaacs/brace-expansion@5.0.0',\n",
  "[Build] npm warn EBADENGINE   required: { node: '20 || >=22' },\n",
  "[Build] npm warn EBADENGINE   current: { node: 'v18.20.8', npm: '10.8.2' }\n",
  "[Build] npm warn EBADENGINE }\n",
  "[Build] \u001b[0m\u001b[91mnpm warn EBADENGINE Unsupported engine {\n",
  "[Build] npm warn EBADENGINE   package: '@isaacs/balanced-match@4.0.1',\n",
  "[Build] npm warn EBADENGINE   required: { node: '20 || >=22' },\n",
  "[Build] npm warn EBADENGINE   current: { node: 'v18.20.8', npm: '10.8.2' }\n",
  "[Build] npm warn EBADENGINE }\n",
  "[Build] \u001b[0m\u001b[91mnpm warn deprecated supertest@6.3.4: Please upgrade to supertest v7.1.3+, see release notes at https://github.com/forwardemail/supertest/releases/tag/v7.1.3 - maintenance is supported by Forward Email @ https://forwardemail.net\n",
  "[Build] \u001b[0m\u001b[91mnpm warn deprecated inflight@1.0.6: This module is not supported, and leaks memory. Do not use it. Check out lru-cache if you want a good and tested way to coalesce async requests by a key value, which is much more comprehensive and powerful.\n",
  "[Build] \u001b[0m\u001b[91mnpm warn deprecated glob@7.2.3: Glob versions prior to v9 are no longer supported\n",
  "[Build] \u001b[0m\u001b[91mnpm warn deprecated superagent@8.1.2: Please upgrade to superagent v10.2.2+, see release notes at https://github.com/forwardemail/superagent/releases/tag/v10.2.2 - maintenance is supported by Forward Email @ https://forwardemail.net\n",
  "[Build] \u001b[0m\n",
  "[Build] > crm-saas-platform@1.0.0 postinstall\n",
  "[Build] > npm run prisma:generate\n",
  "[Build] > crm-saas-platform@1.0.0 prisma:generate\n",
  "[Build] > cd shared/database && npx prisma generate\n",
  "[Build] \u001b[91mnpm warn exec The following package was not found and will be installed: prisma@6.14.0\n",
  "[Build] \u001b[0mPrisma schema loaded from prisma/schema.prisma\n",
  "[Build] ✔ Installed the @prisma/client and prisma packages in your project\n",
  "[Build] ✔ Generated Prisma Client (v6.14.0) to ./node_modules/.prisma/client in 205ms\n",
  "[Build] Start by importing your Prisma Client (See: https://pris.ly/d/importing-client)\n",
  "[Build] Tip: Interested in query caching in just a few lines of code? Try Accelerate today! https://pris.ly/tip-3-accelerate\n",
  "[Build] added 562 packages, and audited 564 packages in 2m\n",
  "[Build] 144 packages are looking for funding\n",
  "[Build]   run `npm fund` for details\n",
  "[Build] 7 vulnerabilities (3 low, 4 moderate)\n",
  "[Build] To address all issues (including breaking changes), run:\n",
  "[Build]   npm audit fix --force\n",
  "[Build] Run `npm audit` for details.\n",
  "[Build] \u001b[91mnpm notice\n",
  "[Build] npm notice New major version of npm available! 10.8.2 -> 11.5.2\n",
  "[Build] npm notice Changelog: https://github.com/npm/cli/releases/tag/v11.5.2\n",
  "[Build] npm notice To update run: npm install -g npm@11.5.2\n",
  "[Build] npm notice\n",
  "[Build] \u001b[0mRemoving intermediate container 762586fe3dc1\n",
  "[Build]  ---> 227978b81dc8\n",
  "[Build] Step 7/7 : RUN npm run build\n",
  "[Build]  ---> Running in 84c7581bc83f\n",
  "[Build] > @crm-saas/frontend@1.0.0 build\n",
  "[Build] > tsc -b && vite build\n",
  "[Build] src/components/auth/LoginForm.test.tsx(1,18): error TS2305: Module '\"@testing-library/react\"' has no exported member 'screen'.\n",
  "[Build] src/components/auth/LoginForm.test.tsx(1,26): error TS2305: Module '\"@testing-library/react\"' has no exported member 'waitFor'.\n",
  "[Build] src/components/dashboard/Charts.tsx(46,37): error TS6133: 'index' is declared but its value is never read.\n",
  "[Build] src/components/layout/DashboardLayout.tsx(2,10): error TS6133: 'Link' is declared but its value is never read.\n",
  "[Build] src/components/layout/DashboardLayout.tsx(2,16): error TS6133: 'useLocation' is declared but its value is never read.\n",
  "[Build] src/pages/Analytics.tsx(36,11): error TS6196: 'Contact' is declared but never used.\n",
  "[Build] src/pages/Analytics.tsx(42,11): error TS6196: 'Company' is declared but never used.\n",
  "[Build] src/pages/Contacts.test.tsx(2,10): error TS2305: Module '\"@testing-library/react\"' has no exported member 'screen'.\n",
  "[Build] src/pages/Contacts.test.tsx(2,18): error TS2305: Module '\"@testing-library/react\"' has no exported member 'waitFor'.\n",
  "[Build] src/pages/Contacts.test.tsx(167,18): error TS7006: Parameter 'button' implicitly has an 'any' type.\n",
  "[Build] src/pages/Contacts.test.tsx(170,18): error TS7006: Parameter 'button' implicitly has an 'any' type.\n",
  "[Build] src/pages/Contacts_backup.tsx(215,12): error TS2345: Argument of type '{ lastContact: string; name: string; email: string; company: string; phone: string; status: Contact[\"status\"]; }' is not assignable to parameter of type 'Omit<Contact, \"_id\">'.\n",
  "[Build]   Type '{ lastContact: string; name: string; email: string; company: string; phone: string; status: \"active\" | \"inactive\" | \"prospect\"; }' is missing the following properties from type 'Omit<Contact, \"_id\">': companyId, jobTitle\n",
  "[Build] src/pages/Contacts_backup.tsx(353,10): error TS6133: 'companies' is declared but its value is never read.\n",
  "[Build] src/pages/Dashboard.test.tsx(2,10): error TS2305: Module '\"@testing-library/react\"' has no exported member 'screen'.\n",
  "[Build] src/pages/Dashboard_new.tsx(137,27): error TS2339: Property 'totalDeals' does not exist on type 'DashboardStats'.\n",
  "[Build] src/pages/Dashboard_new.tsx(183,49): error TS2339: Property 'totalRevenue' does not exist on type 'DashboardStats'.\n",
  "[Build] src/pages/Dashboard_new.tsx(246,31): error TS2339: Property 'title' does not exist on type 'Deal'.\n",
  "[Build] src/pages/Dashboard_new.tsx(249,31): error TS2339: Property 'company' does not exist on type 'Deal'.\n",
  "[Build] src/test/test-utils.tsx(1,18): error TS1484: 'RenderOptions' is a type and must be imported using a type-only import when 'verbatimModuleSyntax' is enabled.\n",
  "[Build] src/test/test-utils.tsx(3,10): error TS1484: 'ReactElement' is a type and must be imported using a type-only import when 'verbatimModuleSyntax' is enabled.\n",
  "[Build] \u001b[91mnpm error Lifecycle script `build` failed with error:\n",
  "[Build] \u001b[0m\u001b[91mnpm error code 2\n",
  "[Build] \u001b[0m\u001b[91mnpm error path /app/apps/frontend\n",
  "[Build] npm error workspace @crm-saas/frontend@1.0.0\n",
  "[Build] \u001b[0m\u001b[91mnpm error location /app/apps/frontend\n",
  "[Build] npm error command failed\n",
  "[Build] \u001b[0m\u001b[91mnpm error command sh -c tsc -b && vite build\n",
  "[Build] \u001b[0mThe command '/bin/sh -c npm run build' returned a non-zero code: 2\n",
  "[AppRunner] Failed to build your application source code. Reason: Failed to execute 'build' command.",
  "[AppRunner] Failed to deploy your application source code."
]